<?xml version="1.0" encoding="UTF-8"?>
<testng-results skipped="0" failed="0" ignored="0" total="2" passed="2">
  <reporter-output>
  </reporter-output>
  <suite name="Suite" duration-ms="90381" started-at="2018-02-25T04:53:41Z" finished-at="2018-02-25T04:55:11Z">
    <groups>
    </groups>
    <test name="Test" duration-ms="90381" started-at="2018-02-25T04:53:41Z" finished-at="2018-02-25T04:55:11Z">
      <class name="testcases.TC002_CreateLeadAndVerify">
        <test-method status="PASS" signature="beforeSuite()[pri:0, instance:testcases.TC002_CreateLeadAndVerify@127bd23]" name="beforeSuite" is-config="true" duration-ms="1546" started-at="2018-02-25T04:53:39Z" finished-at="2018-02-25T04:53:41Z">
          <reporter-output>
          </reporter-output>
        </test-method> <!-- beforeSuite -->
        <test-method status="PASS" signature="setData()[pri:0, instance:testcases.TC002_CreateLeadAndVerify@127bd23]" name="setData" is-config="true" duration-ms="0" started-at="2018-02-25T04:53:41Z" finished-at="2018-02-25T04:53:41Z">
          <reporter-output>
          </reporter-output>
        </test-method> <!-- setData -->
        <test-method status="PASS" signature="beforeTest()[pri:0, instance:testcases.TC002_CreateLeadAndVerify@127bd23]" name="beforeTest" is-config="true" duration-ms="2" started-at="2018-02-25T04:53:41Z" finished-at="2018-02-25T04:53:41Z">
          <reporter-output>
          </reporter-output>
        </test-method> <!-- beforeTest -->
        <test-method status="PASS" signature="beforeMethod()[pri:0, instance:testcases.TC002_CreateLeadAndVerify@127bd23]" name="beforeMethod" is-config="true" duration-ms="18214" started-at="2018-02-25T04:53:43Z" finished-at="2018-02-25T04:54:01Z">
          <reporter-output>
          </reporter-output>
        </test-method> <!-- beforeMethod -->
        <test-method status="PASS" signature="CreateLeadAndVerify(java.lang.String, java.lang.String, java.lang.String, java.lang.String, java.lang.String, java.lang.String, java.lang.String, java.lang.String)[pri:0, instance:testcases.TC002_CreateLeadAndVerify@127bd23]" name="CreateLeadAndVerify" duration-ms="28661" started-at="2018-02-25T04:54:01Z" data-provider="fetchData" finished-at="2018-02-25T04:54:30Z">
          <params>
            <param index="0">
              <value>
                <![CDATA[DemoSalesManager]]>
              </value>
            </param>
            <param index="1">
              <value>
                <![CDATA[crmsfa]]>
              </value>
            </param>
            <param index="2">
              <value>
                <![CDATA[Plintron]]>
              </value>
            </param>
            <param index="3">
              <value>
                <![CDATA[Balaji]]>
              </value>
            </param>
            <param index="4">
              <value>
                <![CDATA[M]]>
              </value>
            </param>
            <param index="5">
              <value>
                <![CDATA[1111111111]]>
              </value>
            </param>
            <param index="6">
              <value>
                <![CDATA[balaji@gmail.com]]>
              </value>
            </param>
            <param index="7">
              <value>
                <![CDATA[Balaji]]>
              </value>
            </param>
          </params>
          <reporter-output>
          </reporter-output>
        </test-method> <!-- CreateLeadAndVerify -->
        <test-method status="PASS" signature="afterMethod()[pri:0, instance:testcases.TC002_CreateLeadAndVerify@127bd23]" name="afterMethod" is-config="true" duration-ms="892" started-at="2018-02-25T04:54:30Z" finished-at="2018-02-25T04:54:31Z">
          <reporter-output>
          </reporter-output>
        </test-method> <!-- afterMethod -->
        <test-method status="PASS" signature="beforeMethod()[pri:0, instance:testcases.TC002_CreateLeadAndVerify@127bd23]" name="beforeMethod" is-config="true" duration-ms="11788" started-at="2018-02-25T04:54:31Z" finished-at="2018-02-25T04:54:43Z">
          <reporter-output>
          </reporter-output>
        </test-method> <!-- beforeMethod -->
        <test-method status="PASS" signature="CreateLeadAndVerify(java.lang.String, java.lang.String, java.lang.String, java.lang.String, java.lang.String, java.lang.String, java.lang.String, java.lang.String)[pri:0, instance:testcases.TC002_CreateLeadAndVerify@127bd23]" name="CreateLeadAndVerify" duration-ms="27606" started-at="2018-02-25T04:54:43Z" data-provider="fetchData" finished-at="2018-02-25T04:55:10Z">
          <params>
            <param index="0">
              <value>
                <![CDATA[DemoSalesManager]]>
              </value>
            </param>
            <param index="1">
              <value>
                <![CDATA[crmsfa]]>
              </value>
            </param>
            <param index="2">
              <value>
                <![CDATA[Plintron]]>
              </value>
            </param>
            <param index="3">
              <value>
                <![CDATA[Sathish]]>
              </value>
            </param>
            <param index="4">
              <value>
                <![CDATA[S]]>
              </value>
            </param>
            <param index="5">
              <value>
                <![CDATA[2222222222]]>
              </value>
            </param>
            <param index="6">
              <value>
                <![CDATA[sathish@gmail.com]]>
              </value>
            </param>
            <param index="7">
              <value>
                <![CDATA[Sathish]]>
              </value>
            </param>
          </params>
          <reporter-output>
          </reporter-output>
        </test-method> <!-- CreateLeadAndVerify -->
        <test-method status="PASS" signature="afterMethod()[pri:0, instance:testcases.TC002_CreateLeadAndVerify@127bd23]" name="afterMethod" is-config="true" duration-ms="981" started-at="2018-02-25T04:55:10Z" finished-at="2018-02-25T04:55:11Z">
          <reporter-output>
          </reporter-output>
        </test-method> <!-- afterMethod -->
        <test-method status="PASS" signature="afterTest()[pri:0, instance:testcases.TC002_CreateLeadAndVerify@127bd23]" name="afterTest" is-config="true" duration-ms="0" started-at="2018-02-25T04:55:11Z" finished-at="2018-02-25T04:55:11Z">
          <reporter-output>
          </reporter-output>
        </test-method> <!-- afterTest -->
        <test-method status="PASS" signature="afterSuite()[pri:0, instance:testcases.TC002_CreateLeadAndVerify@127bd23]" name="afterSuite" is-config="true" duration-ms="740" started-at="2018-02-25T04:55:12Z" finished-at="2018-02-25T04:55:13Z">
          <reporter-output>
          </reporter-output>
        </test-method> <!-- afterSuite -->
      </class> <!-- testcases.TC002_CreateLeadAndVerify -->
    </test> <!-- Test -->
  </suite> <!-- Suite -->
</testng-results>
